2022-01-13 10:26:11,337 INFO org.springframework.boot.StartupInfoLogger [main] Starting SakilaReportServiceApplication using Java 17 on DESKTOP-1VQQNOJ with PID 7764 (D:\PJWSTK\git\JAZ_st_2021_gr3\lab12\Sakila\sakila-report-service\target\classes started by adamu in D:\PJWSTK\git\JAZ_st_2021_gr3\lab12\Sakila)
2022-01-13 10:26:11,337 INFO org.springframework.boot.SpringApplication [main] No active profile set, falling back to default profiles: default
2022-01-13 10:26:12,174 INFO org.springframework.data.repository.config.RepositoryConfigurationDelegate [main] Bootstrapping Spring Data JPA repositories in DEFAULT mode.
2022-01-13 10:26:12,259 INFO org.springframework.data.repository.config.RepositoryConfigurationDelegate [main] Finished Spring Data repository scanning in 84 ms. Found 7 JPA repository interfaces.
2022-01-13 10:26:12,592 INFO org.springframework.context.support.PostProcessorRegistrationDelegate$BeanPostProcessorChecker [main] Bean 'org.springframework.ws.config.annotation.DelegatingWsConfiguration' of type [org.springframework.ws.config.annotation.DelegatingWsConfiguration$$EnhancerBySpringCGLIB$$7d40162d] is not eligible for getting processed by all BeanPostProcessors (for example: not eligible for auto-proxying)
2022-01-13 10:26:12,644 INFO org.springframework.ws.soap.addressing.server.AbstractAddressingEndpointMapping [main] Supporting [WS-Addressing August 2004, WS-Addressing 1.0]
2022-01-13 10:26:12,961 INFO org.springframework.boot.web.embedded.tomcat.TomcatWebServer [main] Tomcat initialized with port(s): 8080 (http)
2022-01-13 10:26:12,976 INFO org.apache.juli.logging.DirectJDKLog [main] Initializing ProtocolHandler ["http-nio-8080"]
2022-01-13 10:26:12,976 INFO org.apache.juli.logging.DirectJDKLog [main] Starting service [Tomcat]
2022-01-13 10:26:12,976 INFO org.apache.juli.logging.DirectJDKLog [main] Starting Servlet engine: [Apache Tomcat/9.0.55]
2022-01-13 10:26:13,105 INFO org.apache.juli.logging.DirectJDKLog [main] Initializing Spring embedded WebApplicationContext
2022-01-13 10:26:13,105 INFO org.springframework.boot.web.servlet.context.ServletWebServerApplicationContext [main] Root WebApplicationContext: initialization completed in 1724 ms
2022-01-13 10:26:13,378 INFO org.hibernate.jpa.internal.util.LogHelper [main] HHH000204: Processing PersistenceUnitInfo [name: default]
2022-01-13 10:26:13,447 INFO org.hibernate.Version [main] HHH000412: Hibernate ORM core version 5.6.1.Final
2022-01-13 10:26:13,606 INFO org.hibernate.annotations.common.reflection.java.JavaReflectionManager [main] HCANN000001: Hibernate Commons Annotations {5.1.2.Final}
2022-01-13 10:26:13,709 INFO com.zaxxer.hikari.HikariDataSource [main] HikariPool-1 - Starting...
2022-01-13 10:26:13,709 WARN com.zaxxer.hikari.util.DriverDataSource [main] Registered driver with driverClassName=com.mysql.jdbc.Driver was not found, trying direct instantiation.
2022-01-13 10:26:14,147 INFO com.zaxxer.hikari.HikariDataSource [main] HikariPool-1 - Start completed.
2022-01-13 10:26:14,171 INFO org.hibernate.dialect.Dialect [main] HHH000400: Using dialect: org.hibernate.dialect.MySQL8Dialect
2022-01-13 10:26:15,012 INFO org.hibernate.engine.transaction.jta.platform.internal.JtaPlatformInitiator [main] HHH000490: Using JtaPlatform implementation: [org.hibernate.engine.transaction.jta.platform.internal.NoJtaPlatform]
2022-01-13 10:26:15,028 INFO org.springframework.orm.jpa.AbstractEntityManagerFactoryBean [main] Initialized JPA EntityManagerFactory for persistence unit 'default'
2022-01-13 10:26:15,591 WARN org.springframework.boot.autoconfigure.orm.jpa.JpaBaseConfiguration$JpaWebConfiguration [main] spring.jpa.open-in-view is enabled by default. Therefore, database queries may be performed during view rendering. Explicitly configure spring.jpa.open-in-view to disable this warning
2022-01-13 10:26:16,453 INFO org.apache.juli.logging.DirectJDKLog [main] Starting ProtocolHandler ["http-nio-8080"]
2022-01-13 10:26:16,484 INFO org.springframework.boot.web.embedded.tomcat.TomcatWebServer [main] Tomcat started on port(s): 8080 (http) with context path ''
2022-01-13 10:26:16,484 INFO org.springframework.boot.StartupInfoLogger [main] Started SakilaReportServiceApplication in 5.838 seconds (JVM running for 7.555)
2022-01-13 10:26:47,024 INFO org.apache.juli.logging.DirectJDKLog [http-nio-8080-exec-1] Initializing Spring DispatcherServlet 'dispatcherServlet'
2022-01-13 10:26:47,024 INFO org.springframework.web.servlet.FrameworkServlet [http-nio-8080-exec-1] Initializing Servlet 'dispatcherServlet'
2022-01-13 10:26:47,027 INFO org.springframework.web.servlet.FrameworkServlet [http-nio-8080-exec-1] Completed initialization in 2 ms
2022-01-13 11:00:01,842 INFO org.springframework.orm.jpa.AbstractEntityManagerFactoryBean [SpringApplicationShutdownHook] Closing JPA EntityManagerFactory for persistence unit 'default'
2022-01-13 11:00:01,842 INFO com.zaxxer.hikari.HikariDataSource [SpringApplicationShutdownHook] HikariPool-1 - Shutdown initiated...
2022-01-13 11:00:01,857 INFO com.zaxxer.hikari.HikariDataSource [SpringApplicationShutdownHook] HikariPool-1 - Shutdown completed.
